-------------------------------------------------------------------------------
Test set: edu.yu.cs.com1320.project.impl.MinHeapImplTest
-------------------------------------------------------------------------------
Tests run: 1, Failures: 1, Errors: 0, Skipped: 0, Time elapsed: 0.019 s <<< FAILURE! - in edu.yu.cs.com1320.project.impl.MinHeapImplTest
edu.yu.cs.com1320.project.impl.MinHeapImplTest.testPut  Time elapsed: 0.012 s  <<< FAILURE!
org.opentest4j.AssertionFailedError: expected: <3> but was: <8>
	at edu.yu.cs.com1320.project.impl.MinHeapImplTest.testPut(MinHeapImplTest.java:17)

